Tue Jan 28 18:53:40 UTC 2025
Wed Jan 29 00:54:17 UTC 2025
Wed Jan 29 06:16:01 UTC 2025
Wed Jan 29 12:21:20 UTC 2025
Wed Jan 29 18:15:27 UTC 2025
Thu Jan 30 00:53:30 UTC 2025
Thu Jan 30 06:15:54 UTC 2025
Thu Jan 30 12:21:37 UTC 2025
Thu Jan 30 18:15:23 UTC 2025
Fri Jan 31 00:54:33 UTC 2025
Fri Jan 31 06:15:54 UTC 2025
Fri Jan 31 12:20:52 UTC 2025
Fri Jan 31 18:15:06 UTC 2025
Sat Feb  1 00:57:35 UTC 2025
Sat Feb  1 06:14:48 UTC 2025
Sat Feb  1 12:19:01 UTC 2025
Sat Feb  1 18:13:23 UTC 2025
Sun Feb  2 00:57:12 UTC 2025
Sun Feb  2 06:14:33 UTC 2025
Sun Feb  2 12:18:47 UTC 2025
Sun Feb  2 18:14:21 UTC 2025
Mon Feb  3 00:55:32 UTC 2025
Mon Feb  3 06:16:41 UTC 2025
Mon Feb  3 12:21:39 UTC 2025
Mon Feb  3 18:15:25 UTC 2025
Tue Feb  4 00:54:32 UTC 2025
Tue Feb  4 06:16:42 UTC 2025
Tue Feb  4 12:22:02 UTC 2025
Tue Feb  4 18:15:30 UTC 2025
Wed Feb  5 00:55:14 UTC 2025
Wed Feb  5 06:16:23 UTC 2025
Wed Feb  5 12:21:47 UTC 2025
Wed Feb  5 18:15:58 UTC 2025
Thu Feb  6 00:55:22 UTC 2025
Thu Feb  6 06:16:57 UTC 2025
Thu Feb  6 12:22:20 UTC 2025
Thu Feb  6 18:15:26 UTC 2025
Fri Feb  7 00:55:33 UTC 2025
Fri Feb  7 06:16:45 UTC 2025
